\BOOKMARK [0][-]{chapter.1}{\376\377\000I\000n\000t\000r\000o\000d\000u\000c\000t\000i\000o\000n}{}% 1
\BOOKMARK [0][-]{chapter.2}{\376\377\000D\000e\000s\000c\000r\000i\000p\000t\000i\000o\000n\000\040\000o\000f\000\040\000t\000h\000e\000\040\000p\000r\000o\000b\000l\000e\000m\000\040\000a\000n\000d\000\040\000g\000o\000a\000l\000s}{}% 2
\BOOKMARK [1][-]{section.2.1}{\376\377\000D\000e\000s\000c\000r\000i\000p\000t\000i\000o\000n}{chapter.2}% 3
\BOOKMARK [2][-]{subsection.2.1.1}{\376\377\000A\000n\000d\000r\000o\000i\000d}{section.2.1}% 4
\BOOKMARK [2][-]{subsection.2.1.2}{\376\377\000V\000o\000t\000i\000n\000g}{section.2.1}% 5
\BOOKMARK [2][-]{subsection.2.1.3}{\376\377\000S\000e\000c\000u\000r\000i\000t\000y}{section.2.1}% 6
\BOOKMARK [2][-]{subsection.2.1.4}{\376\377\000A\000l\000r\000e\000a\000d\000y\000\040\000e\000x\000i\000s\000t\000i\000n\000g\000\040\000s\000y\000s\000t\000e\000m\000s}{section.2.1}% 7
\BOOKMARK [1][-]{section.2.2}{\376\377\000G\000o\000a\000l\000s}{chapter.2}% 8
\BOOKMARK [2][-]{subsection.2.2.1}{\376\377\000A\000n\000d\000r\000o\000i\000d\000\040\000s\000i\000d\000e}{section.2.2}% 9
\BOOKMARK [2][-]{subsection.2.2.2}{\376\377\000S\000e\000r\000v\000e\000r\000\040\000s\000i\000d\000e}{section.2.2}% 10
\BOOKMARK [2][-]{subsection.2.2.3}{\376\377\000F\000e\000a\000t\000u\000r\000e\000\040\000p\000h\000o\000n\000e\000\040\000s\000i\000d\000e}{section.2.2}% 11
\BOOKMARK [2][-]{subsection.2.2.4}{\376\377\000S\000u\000m\000m\000a\000r\000y}{section.2.2}% 12
\BOOKMARK [0][-]{chapter.3}{\376\377\000A\000n\000a\000l\000y\000s\000i\000s}{}% 13
\BOOKMARK [1][-]{section.3.1}{\376\377\000V\000i\000s\000i\000o\000n}{chapter.3}% 14
\BOOKMARK [1][-]{section.3.2}{\376\377\000C\000u\000r\000r\000e\000n\000t\000\040\000s\000t\000a\000t\000e}{chapter.3}% 15
\BOOKMARK [2][-]{subsection.3.2.1}{\376\377\000O\000v\000e\000r\000v\000i\000e\000w}{section.3.2}% 16
\BOOKMARK [2][-]{subsection.3.2.2}{\376\377\000N\000e\000g\000a\000t\000i\000v\000e\000s}{section.3.2}% 17
\BOOKMARK [2][-]{subsection.3.2.3}{\376\377\000P\000o\000s\000i\000t\000i\000v\000e\000s}{section.3.2}% 18
\BOOKMARK [1][-]{section.3.3}{\376\377\000A\000n\000d\000r\000o\000i\000d\000\040\000a\000n\000a\000l\000y\000s\000i\000s}{chapter.3}% 19
\BOOKMARK [1][-]{section.3.4}{\376\377\000S\000e\000r\000v\000e\000r}{chapter.3}% 20
\BOOKMARK [1][-]{section.3.5}{\376\377\000S\000e\000c\000u\000r\000i\000t\000y\000\040\000a\000n\000a\000l\000y\000s\000i\000s}{chapter.3}% 21
\BOOKMARK [2][-]{subsection.3.5.1}{\376\377\000P\000h\000y\000s\000i\000c\000a\000l\000\040\000t\000h\000e\000f\000t}{section.3.5}% 22
\BOOKMARK [2][-]{subsection.3.5.2}{\376\377\000M\000a\000n\000\040\000i\000n\000\040\000t\000h\000e\000\040\000m\000i\000d\000d\000l\000e\000\040\000a\000t\000t\000a\000c\000k}{section.3.5}% 23
\BOOKMARK [2][-]{subsection.3.5.3}{\376\377\000M\000a\000l\000i\000c\000i\000o\000u\000s\000\040\000s\000o\000f\000t\000w\000a\000r\000e}{section.3.5}% 24
\BOOKMARK [2][-]{subsection.3.5.4}{\376\377\000"\000R\000o\000o\000t\000e\000d\000"\000\040\000d\000e\000v\000i\000c\000e}{section.3.5}% 25
\BOOKMARK [1][-]{section.3.6}{\376\377\000B\000u\000s\000i\000n\000e\000s\000s\000\040\000p\000r\000o\000c\000e\000s\000s\000\040\000m\000o\000d\000e\000l}{chapter.3}% 26
\BOOKMARK [1][-]{section.3.7}{\376\377\000R\000e\000q\000u\000i\000r\000e\000m\000e\000n\000t\000s\000\040\000a\000n\000a\000l\000y\000s\000i\000s}{chapter.3}% 27
\BOOKMARK [2][-]{subsection.3.7.1}{\376\377\000F\000u\000n\000c\000t\000i\000o\000n\000a\000l\000\040\000r\000e\000q\000u\000i\000r\000e\000m\000e\000n\000t\000s}{section.3.7}% 28
\BOOKMARK [2][-]{subsection.3.7.2}{\376\377\000N\000o\000n\000-\000F\000u\000n\000c\000t\000i\000o\000n\000a\000l\000\040\000r\000e\000q\000u\000i\000r\000e\000m\000e\000n\000t\000s}{section.3.7}% 29
\BOOKMARK [1][-]{section.3.8}{\376\377\000U\000s\000e\000\040\000C\000a\000s\000e\000s}{chapter.3}% 30
\BOOKMARK [1][-]{section.3.9}{\376\377\000D\000o\000m\000a\000i\000n\000\040\000M\000o\000d\000e\000l}{chapter.3}% 31
\BOOKMARK [2][-]{subsection.3.9.1}{\376\377\000S\000e\000r\000v\000e\000r}{section.3.9}% 32
\BOOKMARK [2][-]{subsection.3.9.2}{\376\377\000A\000n\000d\000r\000o\000i\000d}{section.3.9}% 33
\BOOKMARK [0][-]{chapter.4}{\376\377\000D\000e\000s\000i\000g\000n}{}% 34
\BOOKMARK [1][-]{section.4.1}{\376\377\000C\000o\000m\000m\000u\000n\000i\000c\000a\000t\000i\000o\000n}{chapter.4}% 35
\BOOKMARK [2][-]{subsection.4.1.1}{\376\377\000S\000u\000m\000m\000a\000r\000y\000\040\000o\000f\000\040\000c\000o\000d\000e\000s\000\040\000u\000s\000e\000d\000\040\000i\000n\000\040\000c\000o\000m\000m\000u\000n\000i\000c\000a\000t\000i\000o\000n}{section.4.1}% 36
\BOOKMARK [1][-]{section.4.2}{\376\377\000S\000e\000r\000v\000e\000r\000\040\000s\000i\000d\000e}{chapter.4}% 37
\BOOKMARK [2][-]{subsection.4.2.1}{\376\377\000M\000i\000n\000o\000r\000\040\000C\000h\000a\000n\000g\000e\000s}{section.4.2}% 38
\BOOKMARK [1][-]{section.4.3}{\376\377\000A\000n\000d\000r\000o\000i\000d\000\040\000s\000i\000d\000e}{chapter.4}% 39
\BOOKMARK [2][-]{subsection.4.3.1}{\376\377\000G\000r\000a\000p\000h\000i\000c\000a\000l\000\040\000U\000s\000e\000r\000\040\000I\000n\000t\000e\000r\000f\000a\000c\000e\000\040\000\050\000G\000U\000I\000\051\000\040\000-\000\040\000V\000i\000e\000w}{section.4.3}% 40
\BOOKMARK [2][-]{subsection.4.3.2}{\376\377\000P\000e\000r\000s\000i\000s\000t\000e\000n\000c\000e}{section.4.3}% 41
\BOOKMARK [2][-]{subsection.4.3.3}{\376\377\000C\000o\000m\000m\000u\000n\000i\000c\000a\000t\000i\000o\000n}{section.4.3}% 42
\BOOKMARK [0][-]{chapter.5}{\376\377\000I\000m\000p\000l\000e\000m\000e\000n\000t\000a\000t\000i\000o\000n}{}% 43
\BOOKMARK [0][-]{chapter.6}{\376\377\000T\000e\000s\000t\000i\000n\000g}{}% 44
\BOOKMARK [0][-]{chapter.7}{\376\377\000D\000e\000p\000l\000o\000y\000m\000e\000n\000t}{}% 45
\BOOKMARK [0][-]{chapter.8}{\376\377\000C\000o\000n\000c\000l\000u\000s\000i\000o\000n}{}% 46
\BOOKMARK [0][-]{appendix.A}{\376\377\000A\000b\000b\000r\000e\000v\000i\000a\000t\000i\000o\000n\000s}{}% 47
\BOOKMARK [0][-]{appendix.B}{\376\377\000U\000M\000L\000\040\000d\000i\000a\000g\000r\000a\000m\000s}{}% 48
\BOOKMARK [0][-]{appendix.C}{\376\377\000I\000n\000s\000t\000a\000l\000l\000a\000t\000i\000o\000n\000\040\000a\000n\000d\000\040\000h\000o\000w\000\040\000t\000o\000\040\000u\000s\000e}{}% 49
\BOOKMARK [0][-]{appendix.D}{\376\377\000E\000n\000c\000l\000o\000s\000e\000d\000\040\000C\000D\000\040\000T\000a\000b\000l\000e\000\040\000o\000f\000\040\000C\000o\000n\000t\000e\000n\000t\000s}{}% 50
